<?xml version="1.0" encoding="UTF-8"?>
<!-- Generated by org.testng.reporters.JUnitXMLReporter -->
<testsuite hostname="Natalias-MacBook-Air.local" name="APIkit Standalone" tests="5" failures="0" timestamp="6 Aug 2014 20:24:22 GMT" time="131.044" errors="0">
  <testcase name="@BeforeClass deployAndRunMule" time="0.0" classname="org.mule.test.MavenAutomationTest">
    <failure type="java.lang.NullPointerException">
      <![CDATA[java.lang.NullPointerException
	at org.mule.classes.Utilities.verifyStatusCode(Utilities.java:123)
	at org.mule.test.MavenAutomationTest.deployAndRunMule(MavenAutomationTest.java:60)
	at org.apache.maven.plugin.surefire.InPluginVMSurefireStarter.runSuitesInProcess(InPluginVMSurefireStarter.java:82)
	at org.apache.maven.plugin.surefire.AbstractSurefireMojo.executeProvider(AbstractSurefireMojo.java:951)
	at org.apache.maven.plugin.surefire.AbstractSurefireMojo.executeAfterPreconditionsChecked(AbstractSurefireMojo.java:831)
	at org.apache.maven.plugin.surefire.AbstractSurefireMojo.execute(AbstractSurefireMojo.java:729)
	at org.apache.maven.plugin.DefaultBuildPluginManager.executeMojo(DefaultBuildPluginManager.java:133)
	at org.apache.maven.lifecycle.internal.MojoExecutor.execute(MojoExecutor.java:208)
	at org.apache.maven.lifecycle.internal.MojoExecutor.execute(MojoExecutor.java:153)
	at org.apache.maven.lifecycle.internal.MojoExecutor.execute(MojoExecutor.java:145)
	at org.apache.maven.lifecycle.internal.LifecycleModuleBuilder.buildProject(LifecycleModuleBuilder.java:108)
	at org.apache.maven.lifecycle.internal.LifecycleModuleBuilder.buildProject(LifecycleModuleBuilder.java:76)
	at org.apache.maven.lifecycle.internal.builder.singlethreaded.SingleThreadedBuilder.build(SingleThreadedBuilder.java:51)
	at org.apache.maven.lifecycle.internal.LifecycleStarter.execute(LifecycleStarter.java:116)
	at org.apache.maven.DefaultMaven.doExecute(DefaultMaven.java:361)
	at org.apache.maven.DefaultMaven.execute(DefaultMaven.java:155)
	at org.apache.maven.cli.MavenCli.execute(MavenCli.java:584)
	at org.apache.maven.cli.MavenCli.doMain(MavenCli.java:213)
	at org.apache.maven.cli.MavenCli.main(MavenCli.java:157)
	at org.codehaus.plexus.classworlds.launcher.Launcher.launchEnhanced(Launcher.java:289)
	at org.codehaus.plexus.classworlds.launcher.Launcher.launch(Launcher.java:229)
	at org.codehaus.plexus.classworlds.launcher.Launcher.mainWithExitCode(Launcher.java:415)
	at org.codehaus.plexus.classworlds.launcher.Launcher.main(Launcher.java:356)
... Removed 35 stack frames]]>
    </failure>
  </testcase> <!-- @BeforeClass deployAndRunMule -->
  <testcase name="@AfterClass stopMule" time="0.0" classname="org.mule.test.MavenAutomationTest">
    <skipped/>
  </testcase> <!-- @AfterClass stopMule -->
  <testcase name="testDocumentationTitle" time="0.0010" classname="org.mule.test.MavenAutomationTest">
    <skipped/>
  </testcase> <!-- testDocumentationTitle -->
  <testcase name="testGetItemBody" time="0.0" classname="org.mule.test.MavenAutomationTest">
    <skipped/>
  </testcase> <!-- testGetItemBody -->
  <testcase name="testGetItemResponseCode" time="0.0" classname="org.mule.test.MavenAutomationTest">
    <skipped/>
  </testcase> <!-- testGetItemResponseCode -->
  <testcase name="testGetItemsResponseCode" time="0.0" classname="org.mule.test.MavenAutomationTest">
    <skipped/>
  </testcase> <!-- testGetItemsResponseCode -->
  <testcase name="testTitle" time="0.0" classname="org.mule.test.MavenAutomationTest">
    <skipped/>
  </testcase> <!-- testTitle -->
</testsuite> <!-- APIkit Standalone -->
