<?xml version="1.0" encoding="UTF-8"?>
<testng-results skipped="5" failed="0" total="5" passed="0">
  <reporter-output>
  </reporter-output>
  <suite name="APIkit Standalone" duration-ms="131044" started-at="2014-08-06T20:22:11Z" finished-at="2014-08-06T20:24:22Z">
    <groups>
    </groups>
    <test name="APIkit Standalone" duration-ms="131044" started-at="2014-08-06T20:22:11Z" finished-at="2014-08-06T20:24:22Z">
      <class name="org.mule.test.MavenAutomationTest">
        <test-method status="FAIL" signature="deployAndRunMule()[pri:0, instance:org.mule.test.MavenAutomationTest@6ec12f3]" name="deployAndRunMule" is-config="true" duration-ms="0" started-at="2014-08-06T17:22:11Z" finished-at="2014-08-06T17:22:11Z">
          <exception class="java.lang.NullPointerException">
            <full-stacktrace>
              <![CDATA[java.lang.NullPointerException
	at org.mule.classes.Utilities.verifyStatusCode(Utilities.java:123)
	at org.mule.test.MavenAutomationTest.deployAndRunMule(MavenAutomationTest.java:60)
	at sun.reflect.NativeMethodAccessorImpl.invoke0(Native Method)
	at sun.reflect.NativeMethodAccessorImpl.invoke(NativeMethodAccessorImpl.java:39)
	at sun.reflect.DelegatingMethodAccessorImpl.invoke(DelegatingMethodAccessorImpl.java:25)
	at java.lang.reflect.Method.invoke(Method.java:597)
	at org.testng.internal.MethodInvocationHelper.invokeMethod(MethodInvocationHelper.java:84)
	at org.testng.internal.Invoker.invokeConfigurationMethod(Invoker.java:564)
	at org.testng.internal.Invoker.invokeConfigurations(Invoker.java:213)
	at org.testng.internal.Invoker.invokeConfigurations(Invoker.java:138)
	at org.testng.internal.TestMethodWorker.invokeBeforeClassMethods(TestMethodWorker.java:175)
	at org.testng.internal.TestMethodWorker.run(TestMethodWorker.java:107)
	at org.testng.TestRunner.privateRun(TestRunner.java:767)
	at org.testng.TestRunner.run(TestRunner.java:617)
	at org.testng.SuiteRunner.runTest(SuiteRunner.java:348)
	at org.testng.SuiteRunner.runSequentially(SuiteRunner.java:343)
	at org.testng.SuiteRunner.privateRun(SuiteRunner.java:305)
	at org.testng.SuiteRunner.run(SuiteRunner.java:254)
	at org.testng.SuiteRunnerWorker.runSuite(SuiteRunnerWorker.java:52)
	at org.testng.SuiteRunnerWorker.run(SuiteRunnerWorker.java:86)
	at org.testng.TestNG.runSuitesSequentially(TestNG.java:1224)
	at org.testng.TestNG.runSuitesLocally(TestNG.java:1149)
	at org.testng.TestNG.run(TestNG.java:1057)
	at org.apache.maven.surefire.testng.TestNGExecutor.run(TestNGExecutor.java:293)
	at org.apache.maven.surefire.testng.TestNGXmlTestSuite.execute(TestNGXmlTestSuite.java:84)
	at org.apache.maven.surefire.testng.TestNGProvider.invoke(TestNGProvider.java:91)
	at sun.reflect.NativeMethodAccessorImpl.invoke0(Native Method)
	at sun.reflect.NativeMethodAccessorImpl.invoke(NativeMethodAccessorImpl.java:39)
	at sun.reflect.DelegatingMethodAccessorImpl.invoke(DelegatingMethodAccessorImpl.java:25)
	at java.lang.reflect.Method.invoke(Method.java:597)
	at org.apache.maven.surefire.util.ReflectionUtils.invokeMethodWithArray2(ReflectionUtils.java:208)
	at org.apache.maven.surefire.booter.ProviderFactory$ProviderProxy.invoke(ProviderFactory.java:156)
	at org.apache.maven.surefire.booter.ProviderFactory.invokeProvider(ProviderFactory.java:82)
	at org.apache.maven.plugin.surefire.InPluginVMSurefireStarter.runSuitesInProcess(InPluginVMSurefireStarter.java:82)
	at org.apache.maven.plugin.surefire.AbstractSurefireMojo.executeProvider(AbstractSurefireMojo.java:951)
	at org.apache.maven.plugin.surefire.AbstractSurefireMojo.executeAfterPreconditionsChecked(AbstractSurefireMojo.java:831)
	at org.apache.maven.plugin.surefire.AbstractSurefireMojo.execute(AbstractSurefireMojo.java:729)
	at org.apache.maven.plugin.DefaultBuildPluginManager.executeMojo(DefaultBuildPluginManager.java:133)
	at org.apache.maven.lifecycle.internal.MojoExecutor.execute(MojoExecutor.java:208)
	at org.apache.maven.lifecycle.internal.MojoExecutor.execute(MojoExecutor.java:153)
	at org.apache.maven.lifecycle.internal.MojoExecutor.execute(MojoExecutor.java:145)
	at org.apache.maven.lifecycle.internal.LifecycleModuleBuilder.buildProject(LifecycleModuleBuilder.java:108)
	at org.apache.maven.lifecycle.internal.LifecycleModuleBuilder.buildProject(LifecycleModuleBuilder.java:76)
	at org.apache.maven.lifecycle.internal.builder.singlethreaded.SingleThreadedBuilder.build(SingleThreadedBuilder.java:51)
	at org.apache.maven.lifecycle.internal.LifecycleStarter.execute(LifecycleStarter.java:116)
	at org.apache.maven.DefaultMaven.doExecute(DefaultMaven.java:361)
	at org.apache.maven.DefaultMaven.execute(DefaultMaven.java:155)
	at org.apache.maven.cli.MavenCli.execute(MavenCli.java:584)
	at org.apache.maven.cli.MavenCli.doMain(MavenCli.java:213)
	at org.apache.maven.cli.MavenCli.main(MavenCli.java:157)
	at sun.reflect.NativeMethodAccessorImpl.invoke0(Native Method)
	at sun.reflect.NativeMethodAccessorImpl.invoke(NativeMethodAccessorImpl.java:39)
	at sun.reflect.DelegatingMethodAccessorImpl.invoke(DelegatingMethodAccessorImpl.java:25)
	at java.lang.reflect.Method.invoke(Method.java:597)
	at org.codehaus.plexus.classworlds.launcher.Launcher.launchEnhanced(Launcher.java:289)
	at org.codehaus.plexus.classworlds.launcher.Launcher.launch(Launcher.java:229)
	at org.codehaus.plexus.classworlds.launcher.Launcher.mainWithExitCode(Launcher.java:415)
	at org.codehaus.plexus.classworlds.launcher.Launcher.main(Launcher.java:356)
]]>
            </full-stacktrace>
          </exception> <!-- java.lang.NullPointerException -->
          <reporter-output>
          </reporter-output>
        </test-method> <!-- deployAndRunMule -->
        <test-method status="SKIP" signature="testDocumentationTitle()[pri:0, instance:org.mule.test.MavenAutomationTest@6ec12f3]" name="testDocumentationTitle" duration-ms="1" started-at="2014-08-06T17:24:22Z" finished-at="2014-08-06T17:24:22Z">
          <reporter-output>
          </reporter-output>
        </test-method> <!-- testDocumentationTitle -->
        <test-method status="SKIP" signature="testGetItemBody()[pri:0, instance:org.mule.test.MavenAutomationTest@6ec12f3]" name="testGetItemBody" duration-ms="0" started-at="2014-08-06T17:24:22Z" finished-at="2014-08-06T17:24:22Z">
          <reporter-output>
          </reporter-output>
        </test-method> <!-- testGetItemBody -->
        <test-method status="SKIP" signature="testGetItemResponseCode()[pri:0, instance:org.mule.test.MavenAutomationTest@6ec12f3]" name="testGetItemResponseCode" duration-ms="0" started-at="2014-08-06T17:24:22Z" finished-at="2014-08-06T17:24:22Z">
          <reporter-output>
          </reporter-output>
        </test-method> <!-- testGetItemResponseCode -->
        <test-method status="SKIP" signature="testGetItemsResponseCode()[pri:0, instance:org.mule.test.MavenAutomationTest@6ec12f3]" name="testGetItemsResponseCode" duration-ms="0" started-at="2014-08-06T17:24:22Z" finished-at="2014-08-06T17:24:22Z">
          <reporter-output>
          </reporter-output>
        </test-method> <!-- testGetItemsResponseCode -->
        <test-method status="SKIP" signature="stopMule()[pri:0, instance:org.mule.test.MavenAutomationTest@6ec12f3]" name="stopMule" is-config="true" duration-ms="0" started-at="2014-08-06T17:24:22Z" finished-at="2014-08-06T17:24:22Z">
          <reporter-output>
          </reporter-output>
        </test-method> <!-- stopMule -->
        <test-method status="SKIP" signature="testTitle()[pri:0, instance:org.mule.test.MavenAutomationTest@6ec12f3]" name="testTitle" duration-ms="0" started-at="2014-08-06T17:24:22Z" finished-at="2014-08-06T17:24:22Z">
          <reporter-output>
          </reporter-output>
        </test-method> <!-- testTitle -->
      </class> <!-- org.mule.test.MavenAutomationTest -->
    </test> <!-- APIkit Standalone -->
  </suite> <!-- APIkit Standalone -->
</testng-results>
