<?xml version="1.0" encoding="UTF-8"?>
<testsuite name="TestSuite" time="36.82" tests="5" errors="0" skipped="0" failures="4">
  <properties>
[...]
</properties>
  <testcase name="testDocumentationTitle" classname="org.mule.test.MavenAutomationTest" time="30.311">
    <failure message="Timed out after 30 seconds waiting for presence of element located by: By.selector: h2.ng-binding&#10;Build info: version: &apos;2.41.0&apos;, revision: &apos;3192d8a6c4449dc285928ba024779344f5423c58&apos;, time: &apos;2014-03-27 11:29:39&apos;&#10;System info: host: &apos;Natalias-MacBook-Air.local&apos;, ip: &apos;172.16.21.237&apos;, os.name: &apos;Mac OS X&apos;, os.arch: &apos;x86_64&apos;, os.version: &apos;10.9.3&apos;, java.version: &apos;1.6.0_65&apos;&#10;Driver info: driver.version: unknown" type="org.openqa.selenium.TimeoutException">org.openqa.selenium.TimeoutException: Timed out after 30 seconds waiting for presence of element located by: By.selector: h2.ng-binding
Build info: version: '2.41.0', revision: '3192d8a6c4449dc285928ba024779344f5423c58', time: '2014-03-27 11:29:39'
System info: host: 'Natalias-MacBook-Air.local', ip: '172.16.21.237', os.name: 'Mac OS X', os.arch: 'x86_64', os.version: '10.9.3', java.version: '1.6.0_65'
Driver info: driver.version: unknown
	at sun.reflect.GeneratedConstructorAccessor28.newInstance(Unknown Source)
	at sun.reflect.DelegatingConstructorAccessorImpl.newInstance(DelegatingConstructorAccessorImpl.java:27)
	at java.lang.reflect.Constructor.newInstance(Constructor.java:513)
	at org.openqa.selenium.remote.ErrorHandler.createThrowable(ErrorHandler.java:193)
	at org.openqa.selenium.remote.ErrorHandler.throwIfResponseFailed(ErrorHandler.java:145)
	at org.openqa.selenium.remote.RemoteWebDriver.execute(RemoteWebDriver.java:595)
	at org.openqa.selenium.remote.RemoteWebDriver.findElement(RemoteWebDriver.java:348)
	at org.openqa.selenium.remote.RemoteWebDriver.findElementByCssSelector(RemoteWebDriver.java:437)
	at org.openqa.selenium.By$ByCssSelector.findElement(By.java:425)
	at org.openqa.selenium.remote.RemoteWebDriver.findElement(RemoteWebDriver.java:340)
	at org.openqa.selenium.support.ui.ExpectedConditions.findElement(ExpectedConditions.java:730)
	at org.openqa.selenium.support.ui.ExpectedConditions.access$000(ExpectedConditions.java:39)
	at org.openqa.selenium.support.ui.ExpectedConditions$3.apply(ExpectedConditions.java:106)
	at org.openqa.selenium.support.ui.ExpectedConditions$3.apply(ExpectedConditions.java:103)
	at org.openqa.selenium.support.ui.FluentWait.until(FluentWait.java:208)
	at org.mule.classes.Console.findElementByCssSelector(Console.java:49)
	at org.mule.classes.Console.getDocumentationTitle(Console.java:56)
	at org.mule.test.MavenAutomationTest.testDocumentationTitle(MavenAutomationTest.java:74)
</failure>
    <system-out><![CDATA[Running: sh /Users/natalia.garcia/dev/APIkit/interop/stopMule.sh -p /Users/natalia.garcia/Standalone/mule-enterprise-standalone-3.5.0 -s mule
*********************************************
*  Set MULE_HOME
*********************************************
export MULE_HOME=/Users/natalia.garcia/Standalone/mule-enterprise-standalone-3.5.0
*********************************************
*  Stop Mule Server
*********************************************
bin/mule stop
MULE_HOME is set to /Users/natalia.garcia/Standalone/mule-enterprise-standalone-3.5.0
Stopping Mule Enterprise Edition...
Mule Enterprise Edition was not running.
Done. Exit Value:0
Running: sh /Users/natalia.garcia/dev/APIkit/interop/mavenAutomation.sh -p /Users/natalia.garcia/Standalone/mule-enterprise-standalone-3.5.0 -a /Users/natalia.garcia/dev/APIkit/interop -r /Users/natalia.garcia/Drive/TestCases/RAMLs/interop/interop.raml -v 1.4.1 -s mule
*********************************************
*  Set MULE_HOME
*********************************************
export MULE_HOME=/Users/natalia.garcia/Standalone/mule-enterprise-standalone-3.5.0
*********************************************
*  Empty apps folder in server
*********************************************
rm -rf /Users/natalia.garcia/Standalone/mule-enterprise-standalone-3.5.0/apps/interopTest-1.0 /Users/natalia.garcia/Standalone/mule-enterprise-standalone-3.5.0/apps/interopTest-1.0-anchor.txt
*********************************************
*  Generate APIkit project
*********************************************
mvn archetype:generate -DarchetypeGroupId=org.mule.tools -DarchetypeArtifactId=apikit-archetype -DarchetypeVersion=1.4.1 -DgroupId=org.mule -DartifactId=interopTest -Dversion=1.0 -B
[INFO] Scanning for projects...
[INFO] 
[INFO] Using the builder org.apache.maven.lifecycle.internal.builder.singlethreaded.SingleThreadedBuilder with a thread count of 1
[INFO]                                                                         
[INFO] ------------------------------------------------------------------------
[INFO] Building Maven Stub Project (No POM) 1
[INFO] ------------------------------------------------------------------------
[INFO] 
[INFO] >>> maven-archetype-plugin:2.2:generate (default-cli) @ standalone-pom >>>
[INFO] 
[INFO] <<< maven-archetype-plugin:2.2:generate (default-cli) @ standalone-pom <<<
[INFO] 
[INFO] --- maven-archetype-plugin:2.2:generate (default-cli) @ standalone-pom ---
[INFO] Generating project in Batch mode
[WARNING] Archetype not found in any catalog. Falling back to central repository (http://repo1.maven.org/maven2).
[WARNING] Use -DarchetypeRepository=<your repository> if archetype's repository is elsewhere.
[INFO] ----------------------------------------------------------------------------
[INFO] Using following parameters for creating project from Archetype: apikit-archetype:1.4.1
[INFO] ----------------------------------------------------------------------------
[INFO] Parameter: groupId, Value: org.mule
[INFO] Parameter: artifactId, Value: interopTest
[INFO] Parameter: version, Value: 1.0
[INFO] Parameter: package, Value: org.mule
[INFO] Parameter: packageInPathFormat, Value: org/mule
[INFO] Parameter: package, Value: org.mule
[INFO] Parameter: version, Value: 1.0
[INFO] Parameter: groupId, Value: org.mule
[INFO] Parameter: artifactId, Value: interopTest
[INFO] project created from Archetype in dir: /Users/natalia.garcia/dev/APIkit/interop/interopTest
[INFO] ------------------------------------------------------------------------
[INFO] BUILD SUCCESS
[INFO] ------------------------------------------------------------------------
[INFO] Total time: 21.291 s
[INFO] Finished at: 2014-07-25T17:10:31-03:00
[INFO] Final Memory: 10M/81M
[INFO] ------------------------------------------------------------------------
/Users/natalia.garcia/dev/APIkit/interop/interopTest
*********************************************
*  Original RAML
*********************************************
*********************************************
*  Copy RAML file to api folder
*********************************************
cp /Users/natalia.garcia/Drive/TestCases/RAMLs/interop/interop.raml src/main/api
*********************************************
*  Remove api.raml
*********************************************
rm src/main/api/api.raml
*********************************************
*  Rename RAML file
*********************************************
mv src/main/api/interop.raml src/main/api/api.raml
total 24
drwxr-xr-x  3 natalia.garcia  staff   102 Jul 25 17:10 .
drwxr-xr-x  6 natalia.garcia  staff   204 Jul 25 17:10 ..
-rw-r--r--  1 natalia.garcia  staff  9210 Jul 25 17:10 api.raml
*********************************************
*  Scaffold project
*********************************************
mvn org.mule.tools:apikit-maven-plugin:1.4.1:create
[INFO] Scanning for projects...
[INFO] 
[INFO] Using the builder org.apache.maven.lifecycle.internal.builder.singlethreaded.SingleThreadedBuilder with a thread count of 1
[INFO]                                                                         
[INFO] ------------------------------------------------------------------------
[INFO] Building Mule APIKit Application 1.0
[INFO] ------------------------------------------------------------------------
[INFO] 
[INFO] --- apikit-maven-plugin:1.4.1:create (default-cli) @ interopTest ---
[INFO] Processing the following RAML files: [/Users/natalia.garcia/dev/APIkit/interop/interopTest/src/main/api/api.raml]
[INFO] Processing the following xml files as mule configs: [/Users/natalia.garcia/dev/APIkit/interop/interopTest/src/main/app/mule-config.xml]
[INFO] The following RAML files were parsed correctly: [/Users/natalia.garcia/dev/APIkit/interop/interopTest/src/main/api/api.raml]
[INFO] Adding new apikit:flows to existing files for the following operations: [ResourceActionPair{uri='/api/items/{itemId}', verb='GET'}, ResourceActionPair{uri='/api/items', verb='POST'}, ResourceActionPair{uri='/api/items', verb='GET'}, ResourceActionPair{uri='/api/items/{itemId}', verb='PUT'}, ResourceActionPair{uri='/api/items/{itemId}', verb='DELETE'}]
[INFO] Updating file: [/Users/natalia.garcia/dev/APIkit/interop/interopTest/src/main/app/mule-config.xml]
[INFO] ------------------------------------------------------------------------
[INFO] BUILD SUCCESS
[INFO] ------------------------------------------------------------------------
[INFO] Total time: 2.514 s
[INFO] Finished at: 2014-07-25T17:10:35-03:00
[INFO] Final Memory: 6M/81M
[INFO] ------------------------------------------------------------------------
*********************************************
*  Install app
*********************************************
mvn clean install
[INFO] Scanning for projects...
[INFO] 
[INFO] Using the builder org.apache.maven.lifecycle.internal.builder.singlethreaded.SingleThreadedBuilder with a thread count of 1
[INFO]                                                                         
[INFO] ------------------------------------------------------------------------
[INFO] Building Mule APIKit Application 1.0
[INFO] ------------------------------------------------------------------------
[INFO] 
[INFO] --- maven-clean-plugin:2.5:clean (default-clean) @ interopTest ---
[INFO] 
[INFO] --- mule-appkit-maven-plugin:3.4:attach-test-resources (default-attach-test-resources) @ interopTest ---
[INFO] attaching test resource /Users/natalia.garcia/dev/APIkit/interop/interopTest/src/main/app
[INFO] 
[INFO] --- maven-resources-plugin:2.6:resources (default-resources) @ interopTest ---
[INFO] Using 'UTF-8' encoding to copy filtered resources.
[INFO] Copying 1 resource
[INFO] Copying 1 resource
[INFO] 
[INFO] --- mule-appkit-maven-plugin:3.4:filter-resources (default-filter-resources) @ interopTest ---
[INFO] 
[INFO] --- maven-compiler-plugin:2.3.2:compile (default-compile) @ interopTest ---
[INFO] Nothing to compile - all classes are up to date
[INFO] 
[INFO] --- maven-resources-plugin:2.6:testResources (default-testResources) @ interopTest ---
[INFO] Using 'UTF-8' encoding to copy filtered resources.
[INFO] skip non existing resourceDirectory /Users/natalia.garcia/dev/APIkit/interop/interopTest/src/test/resources
[INFO] Copying 1 resource
[INFO] 
[INFO] --- maven-compiler-plugin:2.3.2:testCompile (default-testCompile) @ interopTest ---
[INFO] No sources to compile
[INFO] 
[INFO] --- maven-surefire-plugin:2.6-MULE-4:test (default-test) @ interopTest ---
[INFO] Surefire report directory: /Users/natalia.garcia/dev/APIkit/interop/interopTest/target/surefire-reports

-------------------------------------------------------
 T E S T S
-------------------------------------------------------
There are no tests to run.

Results :

Tests run: 0, Failures: 0, Errors: 0, Skipped: 0

[INFO] 
[INFO] --- mule-appkit-maven-plugin:3.4:mule (default-mule) @ interopTest ---
[INFO] Copying classes directly
[INFO] Adding <com.googlecode.json-simple:json-simple:jar:1.1.1> as a lib
[INFO] Adding <commons-validator:commons-validator:jar:1.3.1> as a lib
[INFO] Adding <xml-apis:xml-apis:jar:1.0.b2> as a lib
[INFO] Adding <commons-digester:commons-digester:jar:1.6> as a lib
[INFO] Adding <org.mule.modules:mule-module-devkit-support:jar:3.4.0> as a lib
[INFO] Adding <javax.inject:javax.inject:jar:1> as a lib
[INFO] Adding <org.mule.tools.devkit:mule-devkit-annotations:jar:3.4.2> as a lib
[INFO] Adding <org.mule.modules:mule-module-apikit:jar:1.4.1> as a lib
[INFO] Adding <org.yaml:snakeyaml:jar:1.13> as a lib
[INFO] Adding <org.mule.modules:mule-module-cors:jar:1.1> as a lib
[INFO] Adding <org.raml:raml-parser:jar:0.8.6> as a lib
[INFO] Adding <commons-logging:commons-logging:jar:1.1.1> as a lib
[INFO] Building zip: /Users/natalia.garcia/dev/APIkit/interop/interopTest/target/interopTest-1.0.zip
[INFO] 
[INFO] --- maven-install-plugin:2.3.1:install (default-install) @ interopTest ---
[INFO] No primary artifact to install, installing attached artifacts instead.
[INFO] Installing /Users/natalia.garcia/dev/APIkit/interop/interopTest/pom.xml to /Users/natalia.garcia/.m2/repository/org/mule/interopTest/1.0/interopTest-1.0.pom
[INFO] Installing /Users/natalia.garcia/dev/APIkit/interop/interopTest/target/interopTest-1.0.zip to /Users/natalia.garcia/.m2/repository/org/mule/interopTest/1.0/interopTest-1.0.zip
[INFO] 
[INFO] --- mule-appkit-maven-plugin:3.4:install (default-install) @ interopTest ---
[INFO] Copying /Users/natalia.garcia/dev/APIkit/interop/interopTest/target/interopTest-1.0.zip to /Users/natalia.garcia/Standalone/mule-enterprise-standalone-3.5.0/apps/interopTest-1.0.temp
[INFO] Renaming /Users/natalia.garcia/Standalone/mule-enterprise-standalone-3.5.0/apps/interopTest-1.0.temp to /Users/natalia.garcia/Standalone/mule-enterprise-standalone-3.5.0/apps/interopTest-1.0.zip
[INFO] ------------------------------------------------------------------------
[INFO] BUILD SUCCESS
[INFO] ------------------------------------------------------------------------
[INFO] Total time: 5.111 s
[INFO] Finished at: 2014-07-25T17:10:42-03:00
[INFO] Final Memory: 9M/81M
[INFO] ------------------------------------------------------------------------
cd /Users/natalia.garcia/Standalone/mule-enterprise-standalone-3.5.0
bin/mule start
MULE_HOME is set to /Users/natalia.garcia/Standalone/mule-enterprise-standalone-3.5.0
Starting Mule Enterprise Edition...
Done. Exit Value:0
]]></system-out>
    <system-err><![CDATA[log4j:WARN No appenders could be found for logger (org.raml.parser.builder.ImplicitMapEntryBuilder).
log4j:WARN Please initialize the log4j system properly.
log4j:WARN See http://logging.apache.org/log4j/1.2/faq.html#noconfig for more info.
log4j:WARN No appenders could be found for logger (org.apache.commons.beanutils.PropertyUtils).
log4j:WARN Please initialize the log4j system properly.
log4j:WARN See http://logging.apache.org/log4j/1.2/faq.html#noconfig for more info.
]]></system-err>
  </testcase>
  <testcase name="testGetItemBody" classname="org.mule.test.MavenAutomationTest" time="1.974">
    <failure message="element not visible&#10;  (Session info: chrome=36.0.1985.125)&#10;  (Driver info: chromedriver=2.10.267517,platform=Mac OS X 10.9.3 x86_64) (WARNING: The server did not provide any stacktrace information)&#10;Command duration or timeout: 68 milliseconds&#10;Build info: version: &apos;2.41.0&apos;, revision: &apos;3192d8a6c4449dc285928ba024779344f5423c58&apos;, time: &apos;2014-03-27 11:29:39&apos;&#10;System info: host: &apos;Natalias-MacBook-Air.local&apos;, ip: &apos;172.16.21.237&apos;, os.name: &apos;Mac OS X&apos;, os.arch: &apos;x86_64&apos;, os.version: &apos;10.9.3&apos;, java.version: &apos;1.6.0_65&apos;&#10;Session ID: 7ee91f970bb7eb6ab789e3e20815f8d1&#10;Driver info: org.openqa.selenium.remote.RemoteWebDriver&#10;Capabilities [{platform=MAC, acceptSslCerts=true, javascriptEnabled=true, browserName=chrome, chrome={userDataDir=/var/folders/jy/xtfxd5yj64lbcx7s69jj_rph0000gp/T/.org.chromium.Chromium.zgZCa3}, rotatable=false, locationContextEnabled=true, version=36.0.1985.125, takesHeapSnapshot=true, cssSelectorsEnabled=true, databaseEnabled=false, handlesAlerts=true, browserConnectionEnabled=false, nativeEvents=true, webStorageEnabled=true, applicationCacheEnabled=false, takesScreenshot=true}]" type="org.openqa.selenium.ElementNotVisibleException">org.openqa.selenium.ElementNotVisibleException: element not visible
  (Session info: chrome=36.0.1985.125)
  (Driver info: chromedriver=2.10.267517,platform=Mac OS X 10.9.3 x86_64) (WARNING: The server did not provide any stacktrace information)
Command duration or timeout: 68 milliseconds
Build info: version: '2.41.0', revision: '3192d8a6c4449dc285928ba024779344f5423c58', time: '2014-03-27 11:29:39'
System info: host: 'Natalias-MacBook-Air.local', ip: '172.16.21.237', os.name: 'Mac OS X', os.arch: 'x86_64', os.version: '10.9.3', java.version: '1.6.0_65'
Session ID: 7ee91f970bb7eb6ab789e3e20815f8d1
Driver info: org.openqa.selenium.remote.RemoteWebDriver
Capabilities [{platform=MAC, acceptSslCerts=true, javascriptEnabled=true, browserName=chrome, chrome={userDataDir=/var/folders/jy/xtfxd5yj64lbcx7s69jj_rph0000gp/T/.org.chromium.Chromium.zgZCa3}, rotatable=false, locationContextEnabled=true, version=36.0.1985.125, takesHeapSnapshot=true, cssSelectorsEnabled=true, databaseEnabled=false, handlesAlerts=true, browserConnectionEnabled=false, nativeEvents=true, webStorageEnabled=true, applicationCacheEnabled=false, takesScreenshot=true}]
	at sun.reflect.NativeConstructorAccessorImpl.newInstance0(Native Method)
	at sun.reflect.NativeConstructorAccessorImpl.newInstance(NativeConstructorAccessorImpl.java:39)
	at sun.reflect.DelegatingConstructorAccessorImpl.newInstance(DelegatingConstructorAccessorImpl.java:27)
	at java.lang.reflect.Constructor.newInstance(Constructor.java:513)
	at org.openqa.selenium.remote.ErrorHandler.createThrowable(ErrorHandler.java:193)
	at org.openqa.selenium.remote.ErrorHandler.throwIfResponseFailed(ErrorHandler.java:145)
	at org.openqa.selenium.remote.RemoteWebDriver.execute(RemoteWebDriver.java:595)
	at org.openqa.selenium.remote.RemoteWebElement.execute(RemoteWebElement.java:268)
	at org.openqa.selenium.remote.RemoteWebElement.click(RemoteWebElement.java:79)
	at org.mule.test.MavenAutomationTest.testGetItemBody(MavenAutomationTest.java:151)
</failure>
  </testcase>
  <testcase name="testGetItemResponseCode" classname="org.mule.test.MavenAutomationTest" time="1.766">
    <failure message="unknown error: Element is not clickable at point (1203, 153). Other element would receive the click: &lt;div class=&quot;modifiers ng-scope&quot;&gt;...&lt;/div&gt;&#10;  (Session info: chrome=36.0.1985.125)&#10;  (Driver info: chromedriver=2.10.267517,platform=Mac OS X 10.9.3 x86_64) (WARNING: The server did not provide any stacktrace information)&#10;Command duration or timeout: 59 milliseconds&#10;Build info: version: &apos;2.41.0&apos;, revision: &apos;3192d8a6c4449dc285928ba024779344f5423c58&apos;, time: &apos;2014-03-27 11:29:39&apos;&#10;System info: host: &apos;Natalias-MacBook-Air.local&apos;, ip: &apos;172.16.21.237&apos;, os.name: &apos;Mac OS X&apos;, os.arch: &apos;x86_64&apos;, os.version: &apos;10.9.3&apos;, java.version: &apos;1.6.0_65&apos;&#10;Session ID: 7ee91f970bb7eb6ab789e3e20815f8d1&#10;Driver info: org.openqa.selenium.remote.RemoteWebDriver&#10;Capabilities [{platform=MAC, acceptSslCerts=true, javascriptEnabled=true, browserName=chrome, chrome={userDataDir=/var/folders/jy/xtfxd5yj64lbcx7s69jj_rph0000gp/T/.org.chromium.Chromium.zgZCa3}, rotatable=false, locationContextEnabled=true, version=36.0.1985.125, takesHeapSnapshot=true, cssSelectorsEnabled=true, databaseEnabled=false, handlesAlerts=true, browserConnectionEnabled=false, nativeEvents=true, webStorageEnabled=true, applicationCacheEnabled=false, takesScreenshot=true}]" type="org.openqa.selenium.WebDriverException"><![CDATA[org.openqa.selenium.WebDriverException: unknown error: Element is not clickable at point (1203, 153). Other element would receive the click: <div class="modifiers ng-scope">...</div>
  (Session info: chrome=36.0.1985.125)
  (Driver info: chromedriver=2.10.267517,platform=Mac OS X 10.9.3 x86_64) (WARNING: The server did not provide any stacktrace information)
Command duration or timeout: 59 milliseconds
Build info: version: '2.41.0', revision: '3192d8a6c4449dc285928ba024779344f5423c58', time: '2014-03-27 11:29:39'
System info: host: 'Natalias-MacBook-Air.local', ip: '172.16.21.237', os.name: 'Mac OS X', os.arch: 'x86_64', os.version: '10.9.3', java.version: '1.6.0_65'
Session ID: 7ee91f970bb7eb6ab789e3e20815f8d1
Driver info: org.openqa.selenium.remote.RemoteWebDriver
Capabilities [{platform=MAC, acceptSslCerts=true, javascriptEnabled=true, browserName=chrome, chrome={userDataDir=/var/folders/jy/xtfxd5yj64lbcx7s69jj_rph0000gp/T/.org.chromium.Chromium.zgZCa3}, rotatable=false, locationContextEnabled=true, version=36.0.1985.125, takesHeapSnapshot=true, cssSelectorsEnabled=true, databaseEnabled=false, handlesAlerts=true, browserConnectionEnabled=false, nativeEvents=true, webStorageEnabled=true, applicationCacheEnabled=false, takesScreenshot=true}]
	at sun.reflect.NativeConstructorAccessorImpl.newInstance0(Native Method)
	at sun.reflect.NativeConstructorAccessorImpl.newInstance(NativeConstructorAccessorImpl.java:39)
	at sun.reflect.DelegatingConstructorAccessorImpl.newInstance(DelegatingConstructorAccessorImpl.java:27)
	at java.lang.reflect.Constructor.newInstance(Constructor.java:513)
	at org.openqa.selenium.remote.ErrorHandler.createThrowable(ErrorHandler.java:193)
	at org.openqa.selenium.remote.ErrorHandler.throwIfResponseFailed(ErrorHandler.java:145)
	at org.openqa.selenium.remote.RemoteWebDriver.execute(RemoteWebDriver.java:595)
	at org.openqa.selenium.remote.RemoteWebElement.execute(RemoteWebElement.java:268)
	at org.openqa.selenium.remote.RemoteWebElement.click(RemoteWebElement.java:79)
	at org.mule.test.MavenAutomationTest.testGetItemResponseCode(MavenAutomationTest.java:119)
]]></failure>
  </testcase>
  <testcase name="testGetItemsResponseCode" classname="org.mule.test.MavenAutomationTest" time="2.056">
    <failure message="element not visible&#10;  (Session info: chrome=36.0.1985.125)&#10;  (Driver info: chromedriver=2.10.267517,platform=Mac OS X 10.9.3 x86_64) (WARNING: The server did not provide any stacktrace information)&#10;Command duration or timeout: 60 milliseconds&#10;Build info: version: &apos;2.41.0&apos;, revision: &apos;3192d8a6c4449dc285928ba024779344f5423c58&apos;, time: &apos;2014-03-27 11:29:39&apos;&#10;System info: host: &apos;Natalias-MacBook-Air.local&apos;, ip: &apos;172.16.21.237&apos;, os.name: &apos;Mac OS X&apos;, os.arch: &apos;x86_64&apos;, os.version: &apos;10.9.3&apos;, java.version: &apos;1.6.0_65&apos;&#10;Session ID: 7ee91f970bb7eb6ab789e3e20815f8d1&#10;Driver info: org.openqa.selenium.remote.RemoteWebDriver&#10;Capabilities [{platform=MAC, acceptSslCerts=true, javascriptEnabled=true, browserName=chrome, chrome={userDataDir=/var/folders/jy/xtfxd5yj64lbcx7s69jj_rph0000gp/T/.org.chromium.Chromium.zgZCa3}, rotatable=false, locationContextEnabled=true, version=36.0.1985.125, takesHeapSnapshot=true, cssSelectorsEnabled=true, databaseEnabled=false, handlesAlerts=true, browserConnectionEnabled=false, nativeEvents=true, webStorageEnabled=true, applicationCacheEnabled=false, takesScreenshot=true}]" type="org.openqa.selenium.ElementNotVisibleException">org.openqa.selenium.ElementNotVisibleException: element not visible
  (Session info: chrome=36.0.1985.125)
  (Driver info: chromedriver=2.10.267517,platform=Mac OS X 10.9.3 x86_64) (WARNING: The server did not provide any stacktrace information)
Command duration or timeout: 60 milliseconds
Build info: version: '2.41.0', revision: '3192d8a6c4449dc285928ba024779344f5423c58', time: '2014-03-27 11:29:39'
System info: host: 'Natalias-MacBook-Air.local', ip: '172.16.21.237', os.name: 'Mac OS X', os.arch: 'x86_64', os.version: '10.9.3', java.version: '1.6.0_65'
Session ID: 7ee91f970bb7eb6ab789e3e20815f8d1
Driver info: org.openqa.selenium.remote.RemoteWebDriver
Capabilities [{platform=MAC, acceptSslCerts=true, javascriptEnabled=true, browserName=chrome, chrome={userDataDir=/var/folders/jy/xtfxd5yj64lbcx7s69jj_rph0000gp/T/.org.chromium.Chromium.zgZCa3}, rotatable=false, locationContextEnabled=true, version=36.0.1985.125, takesHeapSnapshot=true, cssSelectorsEnabled=true, databaseEnabled=false, handlesAlerts=true, browserConnectionEnabled=false, nativeEvents=true, webStorageEnabled=true, applicationCacheEnabled=false, takesScreenshot=true}]
	at sun.reflect.NativeConstructorAccessorImpl.newInstance0(Native Method)
	at sun.reflect.NativeConstructorAccessorImpl.newInstance(NativeConstructorAccessorImpl.java:39)
	at sun.reflect.DelegatingConstructorAccessorImpl.newInstance(DelegatingConstructorAccessorImpl.java:27)
	at java.lang.reflect.Constructor.newInstance(Constructor.java:513)
	at org.openqa.selenium.remote.ErrorHandler.createThrowable(ErrorHandler.java:193)
	at org.openqa.selenium.remote.ErrorHandler.throwIfResponseFailed(ErrorHandler.java:145)
	at org.openqa.selenium.remote.RemoteWebDriver.execute(RemoteWebDriver.java:595)
	at org.openqa.selenium.remote.RemoteWebElement.execute(RemoteWebElement.java:268)
	at org.openqa.selenium.remote.RemoteWebElement.click(RemoteWebElement.java:79)
	at org.mule.test.MavenAutomationTest.testGetItemsResponseCode(MavenAutomationTest.java:93)
</failure>
  </testcase>
  <testcase name="testTitle" classname="org.mule.test.MavenAutomationTest" time="0.713"/>
</testsuite>