<?xml version="1.0" encoding="UTF-8"?>
<testsuite name="TestSuite" time="131.403" tests="7" errors="0" skipped="6" failures="1">
  <properties>
[...]
</properties>
  <testcase name="deployAndRunMule" classname="org.mule.test.MavenAutomationTest" time="131.403">
    <failure type="java.lang.NullPointerException:">java.lang.NullPointerException: null
	at org.mule.classes.Utilities.verifyStatusCode(Utilities.java:123)
	at org.mule.test.MavenAutomationTest.deployAndRunMule(MavenAutomationTest.java:60)
</failure>
    <system-out><![CDATA[Running: sh /Users/natalia.garcia/IdeaProjects/apikit-maven-automation/target/classes/stopMule.sh -p /Users/natalia.garcia/Standalone/mule-enterprise-standalone-3.6.0-M1-SNAPSHOT -s mule
*********************************************
*  Set MULE_HOME
*********************************************
export MULE_HOME=/Users/natalia.garcia/Standalone/mule-enterprise-standalone-3.6.0-M1-SNAPSHOT
*********************************************
*  Stop Mule Server
*********************************************
bin/mule stop
MULE_HOME is set to /Users/natalia.garcia/Standalone/mule-enterprise-standalone-3.6.0-M1-SNAPSHOT
Stopping Mule Enterprise Edition...
Mule Enterprise Edition was not running.
Done. Exit Value:0
Running: sh /Users/natalia.garcia/IdeaProjects/apikit-maven-automation/target/classes/mavenAutomation.sh -p /Users/natalia.garcia/Standalone/mule-enterprise-standalone-3.6.0-M1-SNAPSHOT -a /Users/natalia.garcia/IdeaProjects/apikit-maven-automation/target/test-classes -r /Users/natalia.garcia/IdeaProjects/apikit-maven-automation/target/test-classes/interop.raml -v 1.4.1 -s mule
*********************************************
*  Set MULE_HOME
*********************************************
export MULE_HOME=/Users/natalia.garcia/Standalone/mule-enterprise-standalone-3.6.0-M1-SNAPSHOT
*********************************************
*  Empty apps folder in server
*********************************************
rm -rf /Users/natalia.garcia/Standalone/mule-enterprise-standalone-3.6.0-M1-SNAPSHOT/apps/interopTest-1.0 /Users/natalia.garcia/Standalone/mule-enterprise-standalone-3.6.0-M1-SNAPSHOT/apps/interopTest-1.0-anchor.txt
*********************************************
*  Generate APIkit project
*********************************************
mvn archetype:generate -DarchetypeGroupId=org.mule.tools -DarchetypeArtifactId=apikit-archetype -DarchetypeVersion=1.4.1 -DgroupId=org.mule -DartifactId=interopTest -Dversion=1.0 -B
[INFO] Scanning for projects...
[INFO] 
[INFO] Using the builder org.apache.maven.lifecycle.internal.builder.singlethreaded.SingleThreadedBuilder with a thread count of 1
[INFO]                                                                         
[INFO] ------------------------------------------------------------------------
[INFO] Building Maven Stub Project (No POM) 1
[INFO] ------------------------------------------------------------------------
[INFO] 
[INFO] >>> maven-archetype-plugin:2.2:generate (default-cli) @ standalone-pom >>>
[INFO] 
[INFO] <<< maven-archetype-plugin:2.2:generate (default-cli) @ standalone-pom <<<
[INFO] 
[INFO] --- maven-archetype-plugin:2.2:generate (default-cli) @ standalone-pom ---
[INFO] Generating project in Batch mode
[WARNING] Archetype not found in any catalog. Falling back to central repository (http://repo1.maven.org/maven2).
[WARNING] Use -DarchetypeRepository=<your repository> if archetype's repository is elsewhere.
[INFO] ----------------------------------------------------------------------------
[INFO] Using following parameters for creating project from Archetype: apikit-archetype:1.4.1
[INFO] ----------------------------------------------------------------------------
[INFO] Parameter: groupId, Value: org.mule
[INFO] Parameter: artifactId, Value: interopTest
[INFO] Parameter: version, Value: 1.0
[INFO] Parameter: package, Value: org.mule
[INFO] Parameter: packageInPathFormat, Value: org/mule
[INFO] Parameter: package, Value: org.mule
[INFO] Parameter: version, Value: 1.0
[INFO] Parameter: groupId, Value: org.mule
[INFO] Parameter: artifactId, Value: interopTest
[INFO] project created from Archetype in dir: /Users/natalia.garcia/IdeaProjects/apikit-maven-automation/target/test-classes/interopTest
[INFO] ------------------------------------------------------------------------
[INFO] BUILD SUCCESS
[INFO] ------------------------------------------------------------------------
[INFO] Total time: 6.005 s
[INFO] Finished at: 2014-08-06T17:22:19-03:00
[INFO] Final Memory: 10M/81M
[INFO] ------------------------------------------------------------------------
/Users/natalia.garcia/IdeaProjects/apikit-maven-automation/target/test-classes/interopTest
*********************************************
*  Original RAML
*********************************************
*********************************************
*  Copy RAML file to api folder
*********************************************
cp /Users/natalia.garcia/IdeaProjects/apikit-maven-automation/target/test-classes/interop.raml src/main/api
*********************************************
*  Remove api.raml
*********************************************
rm src/main/api/api.raml
*********************************************
*  Rename RAML file
*********************************************
mv src/main/api/interop.raml src/main/api/api.raml
total 24
drwxr-xr-x  3 natalia.garcia  staff   102 Aug  6 17:22 .
drwxr-xr-x  6 natalia.garcia  staff   204 Aug  6 17:22 ..
-rw-r--r--  1 natalia.garcia  staff  9210 Aug  6 17:22 api.raml
*********************************************
*  Scaffold project
*********************************************
mvn org.mule.tools:apikit-maven-plugin:1.4.1:create
[INFO] Scanning for projects...
[INFO] 
[INFO] Using the builder org.apache.maven.lifecycle.internal.builder.singlethreaded.SingleThreadedBuilder with a thread count of 1
[INFO]                                                                         
[INFO] ------------------------------------------------------------------------
[INFO] Building Mule APIKit Application 1.0
[INFO] ------------------------------------------------------------------------
[INFO] 
[INFO] --- apikit-maven-plugin:1.4.1:create (default-cli) @ interopTest ---
[INFO] Processing the following RAML files: [/Users/natalia.garcia/IdeaProjects/apikit-maven-automation/target/test-classes/interopTest/src/main/api/api.raml]
[INFO] Processing the following xml files as mule configs: [/Users/natalia.garcia/IdeaProjects/apikit-maven-automation/target/test-classes/interopTest/src/main/app/mule-config.xml]
[INFO] The following RAML files were parsed correctly: [/Users/natalia.garcia/IdeaProjects/apikit-maven-automation/target/test-classes/interopTest/src/main/api/api.raml]
[INFO] Adding new apikit:flows to existing files for the following operations: [ResourceActionPair{uri='/api/items', verb='POST'}, ResourceActionPair{uri='/api/items/{itemId}', verb='GET'}, ResourceActionPair{uri='/api/items', verb='GET'}, ResourceActionPair{uri='/api/items/{itemId}', verb='DELETE'}, ResourceActionPair{uri='/api/items/{itemId}', verb='PUT'}]
[INFO] Updating file: [/Users/natalia.garcia/IdeaProjects/apikit-maven-automation/target/test-classes/interopTest/src/main/app/mule-config.xml]
[INFO] ------------------------------------------------------------------------
[INFO] BUILD SUCCESS
[INFO] ------------------------------------------------------------------------
[INFO] Total time: 2.318 s
[INFO] Finished at: 2014-08-06T17:22:23-03:00
[INFO] Final Memory: 6M/81M
[INFO] ------------------------------------------------------------------------
*********************************************
*  Install app
*********************************************
mvn clean install
[INFO] Scanning for projects...
[INFO] 
[INFO] Using the builder org.apache.maven.lifecycle.internal.builder.singlethreaded.SingleThreadedBuilder with a thread count of 1
[INFO]                                                                         
[INFO] ------------------------------------------------------------------------
[INFO] Building Mule APIKit Application 1.0
[INFO] ------------------------------------------------------------------------
[INFO] 
[INFO] --- maven-clean-plugin:2.5:clean (default-clean) @ interopTest ---
[INFO] 
[INFO] --- mule-appkit-maven-plugin:3.4:attach-test-resources (default-attach-test-resources) @ interopTest ---
[INFO] attaching test resource /Users/natalia.garcia/IdeaProjects/apikit-maven-automation/target/test-classes/interopTest/src/main/app
[INFO] 
[INFO] --- maven-resources-plugin:2.6:resources (default-resources) @ interopTest ---
[INFO] Using 'UTF-8' encoding to copy filtered resources.
[INFO] Copying 1 resource
[INFO] Copying 1 resource
[INFO] 
[INFO] --- mule-appkit-maven-plugin:3.4:filter-resources (default-filter-resources) @ interopTest ---
[INFO] 
[INFO] --- maven-compiler-plugin:2.3.2:compile (default-compile) @ interopTest ---
[INFO] Nothing to compile - all classes are up to date
[INFO] 
[INFO] --- maven-resources-plugin:2.6:testResources (default-testResources) @ interopTest ---
[INFO] Using 'UTF-8' encoding to copy filtered resources.
[INFO] skip non existing resourceDirectory /Users/natalia.garcia/IdeaProjects/apikit-maven-automation/target/test-classes/interopTest/src/test/resources
[INFO] Copying 1 resource
[INFO] 
[INFO] --- maven-compiler-plugin:2.3.2:testCompile (default-testCompile) @ interopTest ---
[INFO] No sources to compile
[INFO] 
[INFO] --- maven-surefire-plugin:2.6-MULE-4:test (default-test) @ interopTest ---
[INFO] Surefire report directory: /Users/natalia.garcia/IdeaProjects/apikit-maven-automation/target/test-classes/interopTest/target/surefire-reports

-------------------------------------------------------
 T E S T S
-------------------------------------------------------
There are no tests to run.

Results :

Tests run: 0, Failures: 0, Errors: 0, Skipped: 0

[INFO] 
[INFO] --- mule-appkit-maven-plugin:3.4:mule (default-mule) @ interopTest ---
[INFO] Copying classes directly
[INFO] Adding <com.googlecode.json-simple:json-simple:jar:1.1.1> as a lib
[INFO] Adding <commons-validator:commons-validator:jar:1.3.1> as a lib
[INFO] Adding <xml-apis:xml-apis:jar:1.0.b2> as a lib
[INFO] Adding <commons-digester:commons-digester:jar:1.6> as a lib
[INFO] Adding <org.mule.modules:mule-module-devkit-support:jar:3.4.0> as a lib
[INFO] Adding <javax.inject:javax.inject:jar:1> as a lib
[INFO] Adding <org.mule.tools.devkit:mule-devkit-annotations:jar:3.4.2> as a lib
[INFO] Adding <org.mule.modules:mule-module-apikit:jar:1.4.1> as a lib
[INFO] Adding <org.yaml:snakeyaml:jar:1.13> as a lib
[INFO] Adding <org.mule.modules:mule-module-cors:jar:1.1> as a lib
[INFO] Adding <org.raml:raml-parser:jar:0.8.6> as a lib
[INFO] Adding <commons-logging:commons-logging:jar:1.1.1> as a lib
[INFO] Building zip: /Users/natalia.garcia/IdeaProjects/apikit-maven-automation/target/test-classes/interopTest/target/interopTest-1.0.zip
[INFO] 
[INFO] --- maven-install-plugin:2.3.1:install (default-install) @ interopTest ---
[INFO] No primary artifact to install, installing attached artifacts instead.
[INFO] Installing /Users/natalia.garcia/IdeaProjects/apikit-maven-automation/target/test-classes/interopTest/pom.xml to /Users/natalia.garcia/.m2/repository/org/mule/interopTest/1.0/interopTest-1.0.pom
[INFO] Installing /Users/natalia.garcia/IdeaProjects/apikit-maven-automation/target/test-classes/interopTest/target/interopTest-1.0.zip to /Users/natalia.garcia/.m2/repository/org/mule/interopTest/1.0/interopTest-1.0.zip
[INFO] 
[INFO] --- mule-appkit-maven-plugin:3.4:install (default-install) @ interopTest ---
[INFO] Copying /Users/natalia.garcia/IdeaProjects/apikit-maven-automation/target/test-classes/interopTest/target/interopTest-1.0.zip to /Users/natalia.garcia/Standalone/mule-enterprise-standalone-3.6.0-M1-SNAPSHOT/apps/interopTest-1.0.temp
[INFO] Renaming /Users/natalia.garcia/Standalone/mule-enterprise-standalone-3.6.0-M1-SNAPSHOT/apps/interopTest-1.0.temp to /Users/natalia.garcia/Standalone/mule-enterprise-standalone-3.6.0-M1-SNAPSHOT/apps/interopTest-1.0.zip
[INFO] ------------------------------------------------------------------------
[INFO] BUILD SUCCESS
[INFO] ------------------------------------------------------------------------
[INFO] Total time: 4.569 s
[INFO] Finished at: 2014-08-06T17:22:29-03:00
[INFO] Final Memory: 9M/81M
[INFO] ------------------------------------------------------------------------
cd /Users/natalia.garcia/Standalone/mule-enterprise-standalone-3.6.0-M1-SNAPSHOT
bin/mule start
MULE_HOME is set to /Users/natalia.garcia/Standalone/mule-enterprise-standalone-3.6.0-M1-SNAPSHOT
Starting Mule Enterprise Edition...
Done. Exit Value:0
]]></system-out>
    <system-err><![CDATA[log4j:WARN No appenders could be found for logger (org.raml.parser.builder.ImplicitMapEntryBuilder).
log4j:WARN Please initialize the log4j system properly.
log4j:WARN See http://logging.apache.org/log4j/1.2/faq.html#noconfig for more info.
rm: conf/muleLicenseKey.lic: No such file or directory
log4j:WARN No appenders could be found for logger (org.apache.commons.beanutils.PropertyUtils).
log4j:WARN Please initialize the log4j system properly.
log4j:WARN See http://logging.apache.org/log4j/1.2/faq.html#noconfig for more info.
]]></system-err>
  </testcase>
  <testcase name="testDocumentationTitle" classname="org.mule.test.MavenAutomationTest" time="0">
    <skipped/>
  </testcase>
  <testcase name="testGetItemBody" classname="org.mule.test.MavenAutomationTest" time="0">
    <skipped/>
  </testcase>
  <testcase name="testGetItemResponseCode" classname="org.mule.test.MavenAutomationTest" time="0">
    <skipped/>
  </testcase>
  <testcase name="testGetItemsResponseCode" classname="org.mule.test.MavenAutomationTest" time="0">
    <skipped/>
  </testcase>
  <testcase name="testTitle" classname="org.mule.test.MavenAutomationTest" time="0">
    <skipped/>
  </testcase>
  <testcase name="stopMule" classname="org.mule.test.MavenAutomationTest" time="0">
    <skipped/>
  </testcase>
</testsuite>